2023-01-27 18:37:44.267 - [32minfo[39m: Backend connected to database...
2023-01-27 18:37:44.271 - [32minfo[39m: CRON jobs are running...
2023-01-27 18:37:44.274 - [32minfo[39m: Server running on port 3000...
2023-01-28 18:02:15.307 - [32minfo[39m: Backend connected to database...
2023-01-28 18:02:15.310 - [32minfo[39m: CRON jobs are running...
2023-01-28 18:02:15.312 - [32minfo[39m: Server running on port 3000...
2023-02-10 02:31:25.399 - [32minfo[39m: Backend connected to database...
2023-02-10 02:31:25.414 - [32minfo[39m: Server running on port undefined...
2023-02-10 02:34:14.165 - [32minfo[39m: Backend connected to database...
2023-02-10 02:34:14.190 - [32minfo[39m: Server running on port 3001...
2023-02-10 02:46:46.350 - [32minfo[39m: Backend connected to database...
2023-02-10 02:46:46.367 - [32minfo[39m: Server running on port 3001...
2023-02-10 02:47:14.343 - [32minfo[39m: Backend connected to database...
2023-02-10 02:47:14.357 - [32minfo[39m: Server running on port 3001...
2023-02-10 02:51:12.629 - [32minfo[39m: Backend connected to database...
2023-02-10 02:51:12.650 - [32minfo[39m: Server running on port 3001...
2023-02-10 03:45:53.684 - [32minfo[39m: Backend connected to database...
2023-02-10 03:45:53.711 - [32minfo[39m: Server running on port 3001...
2023-02-10 03:51:14.718 - [32minfo[39m: Backend connected to database...
2023-02-10 03:51:14.741 - [32minfo[39m: Server running on port 3001...
2023-02-10 03:52:48.225 - [32minfo[39m: Backend connected to database...
2023-02-10 03:52:48.250 - [32minfo[39m: Server running on port 3001...
2023-02-10 03:53:13.275 - [32minfo[39m: Backend connected to database...
2023-02-10 03:53:13.288 - [32minfo[39m: Server running on port 3001...
2023-02-10 03:54:14.889 - [32minfo[39m: Backend connected to database...
2023-02-10 03:54:14.906 - [32minfo[39m: Server running on port 3001...
2023-02-10 03:56:28.416 - [32minfo[39m: Backend connected to database...
2023-02-10 03:56:28.436 - [32minfo[39m: Server running on port 3001...
2023-02-10 04:01:49.107 - [32minfo[39m: Backend connected to database...
2023-02-10 04:01:49.131 - [32minfo[39m: Server running on port 3001...
2023-02-10 04:02:16.440 - [32minfo[39m: Backend connected to database...
2023-02-10 04:02:16.459 - [32minfo[39m: Server running on port 3001...
2023-02-10 04:03:21.910 - [32minfo[39m: Backend connected to database...
2023-02-10 04:03:21.939 - [32minfo[39m: Server running on port 3001...
2023-02-10 04:21:13.990 - [32minfo[39m: Backend connected to database...
2023-02-10 04:21:14.018 - [32minfo[39m: Server running on port 3001...
2023-02-10 04:24:41.223 - [32minfo[39m: Backend connected to database...
2023-02-10 04:24:41.268 - [32minfo[39m: Server running on port 3001...
2023-02-10 04:34:41.585 - [32minfo[39m: Backend connected to database...
2023-02-10 04:34:41.614 - [32minfo[39m: Server running on port 3001...
2023-02-10 04:36:58.699 - [32minfo[39m: Backend connected to database...
2023-02-10 04:36:58.716 - [32minfo[39m: Server running on port 3001...
2023-02-10 04:43:07.609 - [32minfo[39m: Backend connected to database...
2023-02-10 04:43:07.634 - [32minfo[39m: Server running on port 3001...
2023-02-10 04:44:57.813 - [32minfo[39m: Backend connected to database...
2023-02-10 04:44:57.831 - [32minfo[39m: Server running on port 3001...
2023-02-10 04:45:00.772 - [31merror[39m: Unexpected token } in JSON at position 68
2023-02-10 04:47:59.284 - [32minfo[39m: Backend connected to database...
2023-02-10 04:47:59.303 - [32minfo[39m: Server running on port 3001...
2023-02-10 04:52:53.349 - [32minfo[39m: Backend connected to database...
2023-02-10 04:52:53.374 - [32minfo[39m: Server running on port 3001...
2023-02-10 04:54:41.651 - [32minfo[39m: Backend connected to database...
2023-02-10 04:54:41.675 - [32minfo[39m: Server running on port 3001...
2023-02-10 04:56:31.959 - [32minfo[39m: Backend connected to database...
2023-02-10 04:56:31.989 - [32minfo[39m: Server running on port 3001...
2023-02-10 04:58:24.002 - [32minfo[39m: Backend connected to database...
2023-02-10 04:58:24.018 - [32minfo[39m: Server running on port 3001...
2023-02-10 04:59:45.806 - [32minfo[39m: Backend connected to database...
2023-02-10 04:59:45.825 - [32minfo[39m: Server running on port 3001...
2023-02-10 05:00:53.041 - [32minfo[39m: Backend connected to database...
2023-02-10 05:00:53.057 - [32minfo[39m: Server running on port 3001...
2023-02-10 05:01:23.406 - [32minfo[39m: Backend connected to database...
2023-02-10 05:01:23.430 - [32minfo[39m: Server running on port 3001...
2023-02-10 05:02:14.732 - [32minfo[39m: Backend connected to database...
2023-02-10 05:02:14.749 - [32minfo[39m: Server running on port 3001...
2023-02-10 05:05:20.206 - [32minfo[39m: Backend connected to database...
2023-02-10 05:05:20.235 - [32minfo[39m: Server running on port 3001...
2023-02-10 05:06:58.653 - [32minfo[39m: Backend connected to database...
2023-02-10 05:06:58.677 - [32minfo[39m: Server running on port 3001...
2023-02-10 05:09:18.750 - [32minfo[39m: Backend connected to database...
2023-02-10 05:09:18.770 - [32minfo[39m: Server running on port 3001...
2023-02-10 05:10:15.564 - [32minfo[39m: Backend connected to database...
2023-02-10 05:10:15.585 - [32minfo[39m: Server running on port 3001...
2023-02-10 05:10:46.811 - [32minfo[39m: Backend connected to database...
2023-02-10 05:10:46.834 - [32minfo[39m: Server running on port 3001...
2023-02-10 05:13:52.376 - [32minfo[39m: Backend connected to database...
2023-02-10 05:13:52.396 - [32minfo[39m: Server running on port 3001...
2023-02-10 05:14:31.588 - [32minfo[39m: Backend connected to database...
2023-02-10 05:14:31.607 - [32minfo[39m: Server running on port 3001...
2023-02-10 05:15:06.702 - [32minfo[39m: Backend connected to database...
2023-02-10 05:15:06.723 - [32minfo[39m: Server running on port 3001...
2023-02-10 05:19:26.519 - [32minfo[39m: Backend connected to database...
2023-02-10 05:19:26.536 - [32minfo[39m: Server running on port 3001...
2023-02-10 05:21:08.537 - [32minfo[39m: Backend connected to database...
2023-02-10 05:21:08.552 - [32minfo[39m: Server running on port 3001...
2023-02-10 05:21:52.160 - [32minfo[39m: Backend connected to database...
2023-02-10 05:21:52.176 - [32minfo[39m: Server running on port 3001...
2023-02-10 05:22:50.780 - [32minfo[39m: Backend connected to database...
2023-02-10 05:22:50.796 - [32minfo[39m: Server running on port 3001...
2023-02-10 05:34:21.344 - [32minfo[39m: Backend connected to database...
2023-02-10 05:34:21.378 - [32minfo[39m: Server running on port 3001...
2023-02-10 05:35:12.109 - [32minfo[39m: Backend connected to database...
2023-02-10 05:35:12.126 - [32minfo[39m: Server running on port 3001...
2023-02-10 05:38:03.279 - [32minfo[39m: Backend connected to database...
2023-02-10 05:38:03.301 - [32minfo[39m: Server running on port 3001...
2023-02-10 05:38:32.355 - [32minfo[39m: Backend connected to database...
2023-02-10 05:38:32.374 - [32minfo[39m: Server running on port 3001...
2023-02-10 05:39:29.329 - [32minfo[39m: Backend connected to database...
2023-02-10 05:39:29.351 - [32minfo[39m: Server running on port 3001...
2023-02-10 05:40:34.296 - [32minfo[39m: Backend connected to database...
2023-02-10 05:40:34.320 - [32minfo[39m: Server running on port 3001...
2023-02-10 05:41:55.994 - [32minfo[39m: Backend connected to database...
2023-02-10 05:41:56.013 - [32minfo[39m: Server running on port 3001...
2023-02-10 05:42:43.034 - [32minfo[39m: Backend connected to database...
2023-02-10 05:42:43.048 - [32minfo[39m: Server running on port 3001...
2023-02-10 05:43:07.438 - [32minfo[39m: Backend connected to database...
2023-02-10 05:43:07.462 - [32minfo[39m: Server running on port 3001...
2023-02-10 05:43:48.544 - [32minfo[39m: Backend connected to database...
2023-02-10 05:43:48.561 - [32minfo[39m: Server running on port 3001...
2023-02-10 05:44:25.061 - [32minfo[39m: Backend connected to database...
2023-02-10 05:44:25.084 - [32minfo[39m: Server running on port 3001...
2023-02-10 05:45:47.208 - [32minfo[39m: Backend connected to database...
2023-02-10 05:45:47.228 - [32minfo[39m: Server running on port 3001...
2023-02-10 05:47:48.401 - [32minfo[39m: Backend connected to database...
2023-02-10 05:47:48.422 - [32minfo[39m: Server running on port 3001...
2023-02-10 05:50:30.833 - [32minfo[39m: Backend connected to database...
2023-02-10 05:50:30.858 - [32minfo[39m: Server running on port 3001...
2023-02-10 05:52:57.312 - [32minfo[39m: Backend connected to database...
2023-02-10 05:52:57.334 - [32minfo[39m: Server running on port 3001...
2023-02-10 05:55:03.085 - [32minfo[39m: Backend connected to database...
2023-02-10 05:55:03.105 - [32minfo[39m: Server running on port 3001...
2023-02-10 05:55:36.350 - [32minfo[39m: Backend connected to database...
2023-02-10 05:55:36.367 - [32minfo[39m: Server running on port 3001...
2023-02-10 05:56:00.026 - [32minfo[39m: Backend connected to database...
2023-02-10 05:56:00.096 - [32minfo[39m: Server running on port 3001...
2023-02-10 05:57:21.604 - [32minfo[39m: Backend connected to database...
2023-02-10 05:57:21.625 - [32minfo[39m: Server running on port 3001...
2023-02-10 06:00:06.961 - [32minfo[39m: Backend connected to database...
2023-02-10 06:00:06.999 - [32minfo[39m: Server running on port 3001...
2023-02-10 06:01:41.131 - [32minfo[39m: Backend connected to database...
2023-02-10 06:01:41.153 - [32minfo[39m: Server running on port 3001...
2023-02-10 11:58:35.333 - [32minfo[39m: Backend connected to database...
2023-02-10 11:58:35.360 - [32minfo[39m: Server running on port 3001...
2023-02-10 12:00:45.301 - [32minfo[39m: Backend connected to database...
2023-02-10 12:00:45.325 - [32minfo[39m: Server running on port 3001...
